ARM GAS  /tmp/ccWm0CfT.s 			page 1


   1              		.cpu cortex-m4
   2              		.eabi_attribute 27, 1
   3              		.eabi_attribute 28, 1
   4              		.eabi_attribute 20, 1
   5              		.eabi_attribute 21, 1
   6              		.eabi_attribute 23, 3
   7              		.eabi_attribute 24, 1
   8              		.eabi_attribute 25, 1
   9              		.eabi_attribute 26, 1
  10              		.eabi_attribute 30, 1
  11              		.eabi_attribute 34, 1
  12              		.eabi_attribute 18, 4
  13              		.file	"stm32f4xx_it.c"
  14              		.text
  15              	.Ltext0:
  16              		.cfi_sections	.debug_frame
  17              		.section	.text.NMI_Handler,"ax",%progbits
  18              		.align	1
  19              		.global	NMI_Handler
  20              		.arch armv7e-m
  21              		.syntax unified
  22              		.thumb
  23              		.thumb_func
  24              		.fpu fpv4-sp-d16
  26              	NMI_Handler:
  27              	.LFB130:
  28              		.file 1 "Src/stm32f4xx_it.c"
   1:Src/stm32f4xx_it.c **** /* USER CODE BEGIN Header */
   2:Src/stm32f4xx_it.c **** /**
   3:Src/stm32f4xx_it.c ****   ******************************************************************************
   4:Src/stm32f4xx_it.c ****   * @file    stm32f4xx_it.c
   5:Src/stm32f4xx_it.c ****   * @brief   Interrupt Service Routines.
   6:Src/stm32f4xx_it.c ****   ******************************************************************************
   7:Src/stm32f4xx_it.c ****   * @attention
   8:Src/stm32f4xx_it.c ****   *
   9:Src/stm32f4xx_it.c ****   * <h2><center>&copy; Copyright (c) 2020 STMicroelectronics.
  10:Src/stm32f4xx_it.c ****   * All rights reserved.</center></h2>
  11:Src/stm32f4xx_it.c ****   *
  12:Src/stm32f4xx_it.c ****   * This software component is licensed by ST under BSD 3-Clause license,
  13:Src/stm32f4xx_it.c ****   * the "License"; You may not use this file except in compliance with the
  14:Src/stm32f4xx_it.c ****   * License. You may obtain a copy of the License at:
  15:Src/stm32f4xx_it.c ****   *                        opensource.org/licenses/BSD-3-Clause
  16:Src/stm32f4xx_it.c ****   *
  17:Src/stm32f4xx_it.c ****   ******************************************************************************
  18:Src/stm32f4xx_it.c ****   */
  19:Src/stm32f4xx_it.c **** /* USER CODE END Header */
  20:Src/stm32f4xx_it.c **** 
  21:Src/stm32f4xx_it.c **** /* Includes ------------------------------------------------------------------*/
  22:Src/stm32f4xx_it.c **** #include "main.h"
  23:Src/stm32f4xx_it.c **** #include "stm32f4xx_it.h"
  24:Src/stm32f4xx_it.c **** /* Private includes ----------------------------------------------------------*/
  25:Src/stm32f4xx_it.c **** /* USER CODE BEGIN Includes */
  26:Src/stm32f4xx_it.c **** /* USER CODE END Includes */
  27:Src/stm32f4xx_it.c **** 
  28:Src/stm32f4xx_it.c **** /* Private typedef -----------------------------------------------------------*/
  29:Src/stm32f4xx_it.c **** /* USER CODE BEGIN TD */
  30:Src/stm32f4xx_it.c **** 
ARM GAS  /tmp/ccWm0CfT.s 			page 2


  31:Src/stm32f4xx_it.c **** /* USER CODE END TD */
  32:Src/stm32f4xx_it.c **** 
  33:Src/stm32f4xx_it.c **** /* Private define ------------------------------------------------------------*/
  34:Src/stm32f4xx_it.c **** /* USER CODE BEGIN PD */
  35:Src/stm32f4xx_it.c ****  
  36:Src/stm32f4xx_it.c **** /* USER CODE END PD */
  37:Src/stm32f4xx_it.c **** 
  38:Src/stm32f4xx_it.c **** /* Private macro -------------------------------------------------------------*/
  39:Src/stm32f4xx_it.c **** /* USER CODE BEGIN PM */
  40:Src/stm32f4xx_it.c **** 
  41:Src/stm32f4xx_it.c **** /* USER CODE END PM */
  42:Src/stm32f4xx_it.c **** 
  43:Src/stm32f4xx_it.c **** /* Private variables ---------------------------------------------------------*/
  44:Src/stm32f4xx_it.c **** /* USER CODE BEGIN PV */
  45:Src/stm32f4xx_it.c **** 
  46:Src/stm32f4xx_it.c **** /* USER CODE END PV */
  47:Src/stm32f4xx_it.c **** 
  48:Src/stm32f4xx_it.c **** /* Private function prototypes -----------------------------------------------*/
  49:Src/stm32f4xx_it.c **** /* USER CODE BEGIN PFP */
  50:Src/stm32f4xx_it.c **** 
  51:Src/stm32f4xx_it.c **** /* USER CODE END PFP */
  52:Src/stm32f4xx_it.c **** 
  53:Src/stm32f4xx_it.c **** /* Private user code ---------------------------------------------------------*/
  54:Src/stm32f4xx_it.c **** /* USER CODE BEGIN 0 */
  55:Src/stm32f4xx_it.c **** 
  56:Src/stm32f4xx_it.c **** /* USER CODE END 0 */
  57:Src/stm32f4xx_it.c **** 
  58:Src/stm32f4xx_it.c **** /* External variables --------------------------------------------------------*/
  59:Src/stm32f4xx_it.c **** 
  60:Src/stm32f4xx_it.c **** /* USER CODE BEGIN EV */
  61:Src/stm32f4xx_it.c **** 
  62:Src/stm32f4xx_it.c **** /* USER CODE END EV */
  63:Src/stm32f4xx_it.c **** 
  64:Src/stm32f4xx_it.c **** /******************************************************************************/
  65:Src/stm32f4xx_it.c **** /*           Cortex-M4 Processor Interruption and Exception Handlers          */ 
  66:Src/stm32f4xx_it.c **** /******************************************************************************/
  67:Src/stm32f4xx_it.c **** /**
  68:Src/stm32f4xx_it.c ****   * @brief This function handles Non maskable interrupt.
  69:Src/stm32f4xx_it.c ****   */
  70:Src/stm32f4xx_it.c **** void NMI_Handler(void)
  71:Src/stm32f4xx_it.c **** {
  29              		.loc 1 71 1 view -0
  30              		.cfi_startproc
  31              		@ args = 0, pretend = 0, frame = 0
  32              		@ frame_needed = 0, uses_anonymous_args = 0
  33              		@ link register save eliminated.
  72:Src/stm32f4xx_it.c ****   /* USER CODE BEGIN NonMaskableInt_IRQn 0 */
  73:Src/stm32f4xx_it.c **** 
  74:Src/stm32f4xx_it.c ****   /* USER CODE END NonMaskableInt_IRQn 0 */
  75:Src/stm32f4xx_it.c ****   /* USER CODE BEGIN NonMaskableInt_IRQn 1 */
  76:Src/stm32f4xx_it.c **** 
  77:Src/stm32f4xx_it.c ****   /* USER CODE END NonMaskableInt_IRQn 1 */
  78:Src/stm32f4xx_it.c **** }
  34              		.loc 1 78 1 view .LVU1
  35 0000 7047     		bx	lr
  36              		.cfi_endproc
  37              	.LFE130:
ARM GAS  /tmp/ccWm0CfT.s 			page 3


  39              		.section	.text.HardFault_Handler,"ax",%progbits
  40              		.align	1
  41              		.global	HardFault_Handler
  42              		.syntax unified
  43              		.thumb
  44              		.thumb_func
  45              		.fpu fpv4-sp-d16
  47              	HardFault_Handler:
  48              	.LFB131:
  79:Src/stm32f4xx_it.c **** 
  80:Src/stm32f4xx_it.c **** /**
  81:Src/stm32f4xx_it.c ****   * @brief This function handles Hard fault interrupt.
  82:Src/stm32f4xx_it.c ****   */
  83:Src/stm32f4xx_it.c **** void HardFault_Handler(void)
  84:Src/stm32f4xx_it.c **** {
  49              		.loc 1 84 1 view -0
  50              		.cfi_startproc
  51              		@ Volatile: function does not return.
  52              		@ args = 0, pretend = 0, frame = 0
  53              		@ frame_needed = 0, uses_anonymous_args = 0
  54              		@ link register save eliminated.
  55              	.L3:
  85:Src/stm32f4xx_it.c ****   /* USER CODE BEGIN HardFault_IRQn 0 */
  86:Src/stm32f4xx_it.c **** 
  87:Src/stm32f4xx_it.c ****   /* USER CODE END HardFault_IRQn 0 */
  88:Src/stm32f4xx_it.c ****   while (1)
  56              		.loc 1 88 3 discriminator 1 view .LVU3
  89:Src/stm32f4xx_it.c ****   {
  90:Src/stm32f4xx_it.c ****     /* USER CODE BEGIN W1_HardFault_IRQn 0 */
  91:Src/stm32f4xx_it.c ****     /* USER CODE END W1_HardFault_IRQn 0 */
  92:Src/stm32f4xx_it.c ****   }
  57              		.loc 1 92 3 discriminator 1 view .LVU4
  88:Src/stm32f4xx_it.c ****   {
  58              		.loc 1 88 9 discriminator 1 view .LVU5
  59 0000 FEE7     		b	.L3
  60              		.cfi_endproc
  61              	.LFE131:
  63              		.section	.text.MemManage_Handler,"ax",%progbits
  64              		.align	1
  65              		.global	MemManage_Handler
  66              		.syntax unified
  67              		.thumb
  68              		.thumb_func
  69              		.fpu fpv4-sp-d16
  71              	MemManage_Handler:
  72              	.LFB132:
  93:Src/stm32f4xx_it.c **** }
  94:Src/stm32f4xx_it.c **** 
  95:Src/stm32f4xx_it.c **** /**
  96:Src/stm32f4xx_it.c ****   * @brief This function handles Memory management fault.
  97:Src/stm32f4xx_it.c ****   */
  98:Src/stm32f4xx_it.c **** void MemManage_Handler(void)
  99:Src/stm32f4xx_it.c **** {
  73              		.loc 1 99 1 view -0
  74              		.cfi_startproc
  75              		@ Volatile: function does not return.
  76              		@ args = 0, pretend = 0, frame = 0
ARM GAS  /tmp/ccWm0CfT.s 			page 4


  77              		@ frame_needed = 0, uses_anonymous_args = 0
  78              		@ link register save eliminated.
  79              	.L5:
 100:Src/stm32f4xx_it.c ****   /* USER CODE BEGIN MemoryManagement_IRQn 0 */
 101:Src/stm32f4xx_it.c **** 
 102:Src/stm32f4xx_it.c ****   /* USER CODE END MemoryManagement_IRQn 0 */
 103:Src/stm32f4xx_it.c ****   while (1)
  80              		.loc 1 103 3 discriminator 1 view .LVU7
 104:Src/stm32f4xx_it.c ****   {
 105:Src/stm32f4xx_it.c ****     /* USER CODE BEGIN W1_MemoryManagement_IRQn 0 */
 106:Src/stm32f4xx_it.c ****     /* USER CODE END W1_MemoryManagement_IRQn 0 */
 107:Src/stm32f4xx_it.c ****   }
  81              		.loc 1 107 3 discriminator 1 view .LVU8
 103:Src/stm32f4xx_it.c ****   {
  82              		.loc 1 103 9 discriminator 1 view .LVU9
  83 0000 FEE7     		b	.L5
  84              		.cfi_endproc
  85              	.LFE132:
  87              		.section	.text.BusFault_Handler,"ax",%progbits
  88              		.align	1
  89              		.global	BusFault_Handler
  90              		.syntax unified
  91              		.thumb
  92              		.thumb_func
  93              		.fpu fpv4-sp-d16
  95              	BusFault_Handler:
  96              	.LFB133:
 108:Src/stm32f4xx_it.c **** }
 109:Src/stm32f4xx_it.c **** 
 110:Src/stm32f4xx_it.c **** /**
 111:Src/stm32f4xx_it.c ****   * @brief This function handles Pre-fetch fault, memory access fault.
 112:Src/stm32f4xx_it.c ****   */
 113:Src/stm32f4xx_it.c **** void BusFault_Handler(void)
 114:Src/stm32f4xx_it.c **** {
  97              		.loc 1 114 1 view -0
  98              		.cfi_startproc
  99              		@ Volatile: function does not return.
 100              		@ args = 0, pretend = 0, frame = 0
 101              		@ frame_needed = 0, uses_anonymous_args = 0
 102              		@ link register save eliminated.
 103              	.L7:
 115:Src/stm32f4xx_it.c ****   /* USER CODE BEGIN BusFault_IRQn 0 */
 116:Src/stm32f4xx_it.c **** 
 117:Src/stm32f4xx_it.c ****   /* USER CODE END BusFault_IRQn 0 */
 118:Src/stm32f4xx_it.c ****   while (1)
 104              		.loc 1 118 3 discriminator 1 view .LVU11
 119:Src/stm32f4xx_it.c ****   {
 120:Src/stm32f4xx_it.c ****     /* USER CODE BEGIN W1_BusFault_IRQn 0 */
 121:Src/stm32f4xx_it.c ****     /* USER CODE END W1_BusFault_IRQn 0 */
 122:Src/stm32f4xx_it.c ****   }
 105              		.loc 1 122 3 discriminator 1 view .LVU12
 118:Src/stm32f4xx_it.c ****   {
 106              		.loc 1 118 9 discriminator 1 view .LVU13
 107 0000 FEE7     		b	.L7
 108              		.cfi_endproc
 109              	.LFE133:
 111              		.section	.text.UsageFault_Handler,"ax",%progbits
ARM GAS  /tmp/ccWm0CfT.s 			page 5


 112              		.align	1
 113              		.global	UsageFault_Handler
 114              		.syntax unified
 115              		.thumb
 116              		.thumb_func
 117              		.fpu fpv4-sp-d16
 119              	UsageFault_Handler:
 120              	.LFB134:
 123:Src/stm32f4xx_it.c **** }
 124:Src/stm32f4xx_it.c **** 
 125:Src/stm32f4xx_it.c **** /**
 126:Src/stm32f4xx_it.c ****   * @brief This function handles Undefined instruction or illegal state.
 127:Src/stm32f4xx_it.c ****   */
 128:Src/stm32f4xx_it.c **** void UsageFault_Handler(void)
 129:Src/stm32f4xx_it.c **** {
 121              		.loc 1 129 1 view -0
 122              		.cfi_startproc
 123              		@ Volatile: function does not return.
 124              		@ args = 0, pretend = 0, frame = 0
 125              		@ frame_needed = 0, uses_anonymous_args = 0
 126              		@ link register save eliminated.
 127              	.L9:
 130:Src/stm32f4xx_it.c ****   /* USER CODE BEGIN UsageFault_IRQn 0 */
 131:Src/stm32f4xx_it.c **** 
 132:Src/stm32f4xx_it.c ****   /* USER CODE END UsageFault_IRQn 0 */
 133:Src/stm32f4xx_it.c ****   while (1)
 128              		.loc 1 133 3 discriminator 1 view .LVU15
 134:Src/stm32f4xx_it.c ****   {
 135:Src/stm32f4xx_it.c ****     /* USER CODE BEGIN W1_UsageFault_IRQn 0 */
 136:Src/stm32f4xx_it.c ****     /* USER CODE END W1_UsageFault_IRQn 0 */
 137:Src/stm32f4xx_it.c ****   }
 129              		.loc 1 137 3 discriminator 1 view .LVU16
 133:Src/stm32f4xx_it.c ****   {
 130              		.loc 1 133 9 discriminator 1 view .LVU17
 131 0000 FEE7     		b	.L9
 132              		.cfi_endproc
 133              	.LFE134:
 135              		.section	.text.SVC_Handler,"ax",%progbits
 136              		.align	1
 137              		.global	SVC_Handler
 138              		.syntax unified
 139              		.thumb
 140              		.thumb_func
 141              		.fpu fpv4-sp-d16
 143              	SVC_Handler:
 144              	.LFB135:
 138:Src/stm32f4xx_it.c **** }
 139:Src/stm32f4xx_it.c **** 
 140:Src/stm32f4xx_it.c **** /**
 141:Src/stm32f4xx_it.c ****   * @brief This function handles System service call via SWI instruction.
 142:Src/stm32f4xx_it.c ****   */
 143:Src/stm32f4xx_it.c **** void SVC_Handler(void)
 144:Src/stm32f4xx_it.c **** {
 145              		.loc 1 144 1 view -0
 146              		.cfi_startproc
 147              		@ args = 0, pretend = 0, frame = 0
 148              		@ frame_needed = 0, uses_anonymous_args = 0
ARM GAS  /tmp/ccWm0CfT.s 			page 6


 149              		@ link register save eliminated.
 145:Src/stm32f4xx_it.c ****   /* USER CODE BEGIN SVCall_IRQn 0 */
 146:Src/stm32f4xx_it.c **** 
 147:Src/stm32f4xx_it.c ****   /* USER CODE END SVCall_IRQn 0 */
 148:Src/stm32f4xx_it.c ****   /* USER CODE BEGIN SVCall_IRQn 1 */
 149:Src/stm32f4xx_it.c **** 
 150:Src/stm32f4xx_it.c ****   /* USER CODE END SVCall_IRQn 1 */
 151:Src/stm32f4xx_it.c **** }
 150              		.loc 1 151 1 view .LVU19
 151 0000 7047     		bx	lr
 152              		.cfi_endproc
 153              	.LFE135:
 155              		.section	.text.DebugMon_Handler,"ax",%progbits
 156              		.align	1
 157              		.global	DebugMon_Handler
 158              		.syntax unified
 159              		.thumb
 160              		.thumb_func
 161              		.fpu fpv4-sp-d16
 163              	DebugMon_Handler:
 164              	.LFB136:
 152:Src/stm32f4xx_it.c **** 
 153:Src/stm32f4xx_it.c **** /**
 154:Src/stm32f4xx_it.c ****   * @brief This function handles Debug monitor.
 155:Src/stm32f4xx_it.c ****   */
 156:Src/stm32f4xx_it.c **** void DebugMon_Handler(void)
 157:Src/stm32f4xx_it.c **** {
 165              		.loc 1 157 1 view -0
 166              		.cfi_startproc
 167              		@ args = 0, pretend = 0, frame = 0
 168              		@ frame_needed = 0, uses_anonymous_args = 0
 169              		@ link register save eliminated.
 158:Src/stm32f4xx_it.c ****   /* USER CODE BEGIN DebugMonitor_IRQn 0 */
 159:Src/stm32f4xx_it.c **** 
 160:Src/stm32f4xx_it.c ****   /* USER CODE END DebugMonitor_IRQn 0 */
 161:Src/stm32f4xx_it.c ****   /* USER CODE BEGIN DebugMonitor_IRQn 1 */
 162:Src/stm32f4xx_it.c **** 
 163:Src/stm32f4xx_it.c ****   /* USER CODE END DebugMonitor_IRQn 1 */
 164:Src/stm32f4xx_it.c **** }
 170              		.loc 1 164 1 view .LVU21
 171 0000 7047     		bx	lr
 172              		.cfi_endproc
 173              	.LFE136:
 175              		.section	.text.PendSV_Handler,"ax",%progbits
 176              		.align	1
 177              		.global	PendSV_Handler
 178              		.syntax unified
 179              		.thumb
 180              		.thumb_func
 181              		.fpu fpv4-sp-d16
 183              	PendSV_Handler:
 184              	.LFB137:
 165:Src/stm32f4xx_it.c **** 
 166:Src/stm32f4xx_it.c **** /**
 167:Src/stm32f4xx_it.c ****   * @brief This function handles Pendable request for system service.
 168:Src/stm32f4xx_it.c ****   */
 169:Src/stm32f4xx_it.c **** void PendSV_Handler(void)
ARM GAS  /tmp/ccWm0CfT.s 			page 7


 170:Src/stm32f4xx_it.c **** {
 185              		.loc 1 170 1 view -0
 186              		.cfi_startproc
 187              		@ args = 0, pretend = 0, frame = 0
 188              		@ frame_needed = 0, uses_anonymous_args = 0
 189              		@ link register save eliminated.
 171:Src/stm32f4xx_it.c ****   /* USER CODE BEGIN PendSV_IRQn 0 */
 172:Src/stm32f4xx_it.c **** 
 173:Src/stm32f4xx_it.c ****   /* USER CODE END PendSV_IRQn 0 */
 174:Src/stm32f4xx_it.c ****   /* USER CODE BEGIN PendSV_IRQn 1 */
 175:Src/stm32f4xx_it.c **** 
 176:Src/stm32f4xx_it.c ****   /* USER CODE END PendSV_IRQn 1 */
 177:Src/stm32f4xx_it.c **** }
 190              		.loc 1 177 1 view .LVU23
 191 0000 7047     		bx	lr
 192              		.cfi_endproc
 193              	.LFE137:
 195              		.section	.text.SysTick_Handler,"ax",%progbits
 196              		.align	1
 197              		.global	SysTick_Handler
 198              		.syntax unified
 199              		.thumb
 200              		.thumb_func
 201              		.fpu fpv4-sp-d16
 203              	SysTick_Handler:
 204              	.LFB138:
 178:Src/stm32f4xx_it.c **** 
 179:Src/stm32f4xx_it.c **** /**
 180:Src/stm32f4xx_it.c ****   * @brief This function handles System tick timer.
 181:Src/stm32f4xx_it.c ****   */
 182:Src/stm32f4xx_it.c **** void SysTick_Handler(void)
 183:Src/stm32f4xx_it.c **** {
 205              		.loc 1 183 1 view -0
 206              		.cfi_startproc
 207              		@ args = 0, pretend = 0, frame = 0
 208              		@ frame_needed = 0, uses_anonymous_args = 0
 209 0000 08B5     		push	{r3, lr}
 210              	.LCFI0:
 211              		.cfi_def_cfa_offset 8
 212              		.cfi_offset 3, -8
 213              		.cfi_offset 14, -4
 184:Src/stm32f4xx_it.c ****   /* USER CODE BEGIN SysTick_IRQn 0 */
 185:Src/stm32f4xx_it.c **** 
 186:Src/stm32f4xx_it.c ****   /* USER CODE END SysTick_IRQn 0 */
 187:Src/stm32f4xx_it.c ****   HAL_IncTick();
 214              		.loc 1 187 3 view .LVU25
 215 0002 FFF7FEFF 		bl	HAL_IncTick
 216              	.LVL0:
 188:Src/stm32f4xx_it.c ****   /* USER CODE BEGIN SysTick_IRQn 1 */
 189:Src/stm32f4xx_it.c **** 
 190:Src/stm32f4xx_it.c ****   /* USER CODE END SysTick_IRQn 1 */
 191:Src/stm32f4xx_it.c **** }
 217              		.loc 1 191 1 is_stmt 0 view .LVU26
 218 0006 08BD     		pop	{r3, pc}
 219              		.cfi_endproc
 220              	.LFE138:
 222              		.text
ARM GAS  /tmp/ccWm0CfT.s 			page 8


 223              	.Letext0:
 224              		.file 2 "/usr/local/gcc-arm-none-eabi-9-2019-q4-major/arm-none-eabi/include/machine/_default_types
 225              		.file 3 "/usr/local/gcc-arm-none-eabi-9-2019-q4-major/arm-none-eabi/include/sys/_stdint.h"
 226              		.file 4 "Drivers/CMSIS/Include/core_cm4.h"
 227              		.file 5 "Drivers/CMSIS/Device/ST/STM32F4xx/Include/system_stm32f4xx.h"
 228              		.file 6 "Drivers/STM32F4xx_HAL_Driver/Inc/stm32f4xx_hal.h"
ARM GAS  /tmp/ccWm0CfT.s 			page 9


DEFINED SYMBOLS
                            *ABS*:0000000000000000 stm32f4xx_it.c
     /tmp/ccWm0CfT.s:18     .text.NMI_Handler:0000000000000000 $t
     /tmp/ccWm0CfT.s:26     .text.NMI_Handler:0000000000000000 NMI_Handler
     /tmp/ccWm0CfT.s:40     .text.HardFault_Handler:0000000000000000 $t
     /tmp/ccWm0CfT.s:47     .text.HardFault_Handler:0000000000000000 HardFault_Handler
     /tmp/ccWm0CfT.s:64     .text.MemManage_Handler:0000000000000000 $t
     /tmp/ccWm0CfT.s:71     .text.MemManage_Handler:0000000000000000 MemManage_Handler
     /tmp/ccWm0CfT.s:88     .text.BusFault_Handler:0000000000000000 $t
     /tmp/ccWm0CfT.s:95     .text.BusFault_Handler:0000000000000000 BusFault_Handler
     /tmp/ccWm0CfT.s:112    .text.UsageFault_Handler:0000000000000000 $t
     /tmp/ccWm0CfT.s:119    .text.UsageFault_Handler:0000000000000000 UsageFault_Handler
     /tmp/ccWm0CfT.s:136    .text.SVC_Handler:0000000000000000 $t
     /tmp/ccWm0CfT.s:143    .text.SVC_Handler:0000000000000000 SVC_Handler
     /tmp/ccWm0CfT.s:156    .text.DebugMon_Handler:0000000000000000 $t
     /tmp/ccWm0CfT.s:163    .text.DebugMon_Handler:0000000000000000 DebugMon_Handler
     /tmp/ccWm0CfT.s:176    .text.PendSV_Handler:0000000000000000 $t
     /tmp/ccWm0CfT.s:183    .text.PendSV_Handler:0000000000000000 PendSV_Handler
     /tmp/ccWm0CfT.s:196    .text.SysTick_Handler:0000000000000000 $t
     /tmp/ccWm0CfT.s:203    .text.SysTick_Handler:0000000000000000 SysTick_Handler

UNDEFINED SYMBOLS
HAL_IncTick
